<?xml version="1.0" encoding="UTF-8"?>
<testsuite xmlns:xsi="http://www.w3.org/2001/XMLSchema-instance" xsi:noNamespaceSchemaLocation="https://maven.apache.org/surefire/maven-surefire-plugin/xsd/surefire-test-report-3.0.xsd" version="3.0" name="TestSuite" time="37.541" tests="4" errors="0" skipped="0" failures="0">
  <properties>
[...]
</properties>
  <testcase name="titleCheck" classname="rahulshettyacademy.TestDemo" time="9.684">
    <system-err><![CDATA[Nov 12, 2022 10:35:09 AM org.openqa.selenium.remote.tracing.opentelemetry.OpenTelemetryTracer createTracer
INFO: Using OpenTelemetry for tracing
]]></system-err>
  </testcase>
  <testcase name="titleCheck" classname="rahulshettyacademy.TestDemo" time="11.369"/>
  <testcase name="titleCheckGoogle" classname="rahulshettyacademy.TestDemo2" time="10.343"/>
  <testcase name="titleCheckGoogle" classname="rahulshettyacademy.TestDemo2" time="15.517"/>
</testsuite>